<?xml version="1.0" encoding="UTF-8"?>
<testng-results ignored="0" total="1" passed="1" failed="0" skipped="0">
  <reporter-output>
  </reporter-output>
  <suite started-at="2025-03-14T00:47:15 IST" name="Suite" finished-at="2025-03-14T00:47:34 IST" duration-ms="18944">
    <groups>
    </groups>
    <test started-at="2025-03-14T00:47:15 IST" name="Test" finished-at="2025-03-14T00:47:34 IST" duration-ms="18944">
      <class name="com.test.GITActionsWorkflow">
        <test-method signature="sampleTest()[pri:0, instance:com.test.GITActionsWorkflow@22635ba0]" started-at="2025-03-14T00:47:15 IST" name="sampleTest" finished-at="2025-03-14T00:47:34 IST" duration-ms="18931" status="PASS">
          <reporter-output>
          </reporter-output>
        </test-method> <!-- sampleTest -->
      </class> <!-- com.test.GITActionsWorkflow -->
    </test> <!-- Test -->
  </suite> <!-- Suite -->
</testng-results>
