<?xml version="1.0" encoding="UTF-8"?>
<testng-results ignored="0" total="1" passed="1" failed="0" skipped="0">
  <reporter-output>
  </reporter-output>
  <suite started-at="2025-03-12T00:44:36 IST" name="Suite" finished-at="2025-03-12T00:44:36 IST" duration-ms="18">
    <groups>
    </groups>
    <test started-at="2025-03-12T00:44:36 IST" name="Test" finished-at="2025-03-12T00:44:36 IST" duration-ms="18">
      <class name="com.test.GITActionsWorkflow">
        <test-method signature="SetUp()[pri:0, instance:com.test.GITActionsWorkflow@6973bf95]" started-at="2025-03-12T00:44:36 IST" name="SetUp" finished-at="2025-03-12T00:44:36 IST" duration-ms="2" status="PASS">
          <reporter-output>
          </reporter-output>
        </test-method> <!-- SetUp -->
      </class> <!-- com.test.GITActionsWorkflow -->
    </test> <!-- Test -->
  </suite> <!-- Suite -->
</testng-results>
